Arguments: 
  /opt/node-v10.15.1-linux-x64/bin/node /opt/node-v10.15.1-linux-x64/bin/yarn init

PATH: 
  /usr/local/sbin:/usr/local/bin:/usr/sbin:/usr/bin:/sbin:/bin:/usr/games:/usr/local/games:/snap/bin:/opt/node-v10.15.1-linux-x64/bin:/home/robin/.scripts:/opt/node-v10.15.1-linux-x64/bin:/home/robin/.scripts

Yarn version: 
  1.13.0

Node version: 
  10.15.1

Platform: 
  linux x64

Trace: 
  Error: canceled
      at Interface.<anonymous> (/opt/node-v10.15.1-linux-x64/lib/node_modules/yarn/lib/cli.js:125657:13)
      at Interface.emit (events.js:189:13)
      at Interface._ttyWrite (readline.js:783:16)
      at ReadStream.onkeypress (readline.js:168:10)
      at ReadStream.emit (events.js:189:13)
      at emitKeys (internal/readline.js:424:14)
      at emitKeys.next (<anonymous>)
      at ReadStream.onData (readline.js:1022:36)
      at ReadStream.emit (events.js:189:13)
      at addChunk (_stream_readable.js:284:12)

npm manifest: 
  {
    "name": "root",
    "private": true,
    "devDependencies": {
      "@types/node": "^10.12.18",
      "babel-loader": "^8.0.5",
      "lerna": "^3.10.7",
      "typescript": "^3.3.1"
    }
  }

yarn manifest: 
  No manifest

Lockfile: 
  No lockfile
